-----------------------------------------------------------------
[8212] 2020/03/02 04:13:01.056 SKQuoteLib_EnterMonitor IP¡Gsrvsolace-fg.capital.com.tw
[8212] 2020/03/02 04:13:01.115 OnSessionConnect¡ACode: 0
[8212] 2020/03/02 04:13:01.189 market(0)  Ready!
[8212] 2020/03/02 04:13:01.190 market(3)  Ready!
[8212] 2020/03/02 04:13:01.190 market(1)  Ready!
[8212] 2020/03/02 04:13:01.195 market(2)  Ready!
[8212] 2020/03/02 04:13:01.199 market(2)  Ready!
[8212] 2020/03/02 04:13:01.199 market(3)  Ready!
[8212] 2020/03/02 04:13:01.205 market(4)  Ready!
[8212] 2020/03/02 04:13:01.343 Market Info is OK!
[8212] 2020/03/02 04:13:01.389 Catalog info is OK!
[20772] 2020/03/02 06:02:14.433 SKQuoteLib_EnterMonitor IP¡Gsrvsolace-fg.capital.com.tw
[20772] 2020/03/02 06:02:14.503 OnSessionConnect¡ACode: 0
[20772] 2020/03/02 06:02:14.605 market(2)  Ready!
[20772] 2020/03/02 06:02:14.605 market(0)  Ready!
[20772] 2020/03/02 06:02:14.608 market(1)  Ready!
[20772] 2020/03/02 06:02:14.619 market(3)  Ready!
[20772] 2020/03/02 06:02:14.619 market(3)  Ready!
[20772] 2020/03/02 06:02:14.622 market(2)  Ready!
[20772] 2020/03/02 06:02:14.622 market(4)  Ready!
[20772] 2020/03/02 06:02:14.860 Market Info is OK!
[20772] 2020/03/02 06:02:14.933 Catalog info is OK!
[20772] 2020/03/02 06:02:20.996  SKQuoteLib_RequestTicks ( 0 , TX00 )
[20772] 2020/03/02 06:02:20.996 Return PageNo¡G 0 
[20772] 2020/03/02 06:02:21.159  SKQuoteLib_GetBest5 ( 2 , 0 )
[20772] 2020/03/02 06:07:49.532  SKQuoteLib_RequestTicks ( 0 , TX00 )
[20772] 2020/03/02 06:07:49.532 Return PageNo¡G 0 
[9612] 2020/03/02 06:09:00.631 SKQuoteLib_EnterMonitor IP¡Gsrvsolace-fg.capital.com.tw
[9612] 2020/03/02 06:09:00.720 OnSessionConnect¡ACode: 0
[9612] 2020/03/02 06:09:00.831 market(0)  Ready!
[9612] 2020/03/02 06:09:00.838 market(2)  Ready!
[9612] 2020/03/02 06:09:00.838 market(1)  Ready!
[9612] 2020/03/02 06:09:00.843 market(2)  Ready!
[9612] 2020/03/02 06:09:00.843 market(4)  Ready!
[9612] 2020/03/02 06:09:00.851 market(3)  Ready!
[9612] 2020/03/02 06:09:00.851 market(3)  Ready!
[9612] 2020/03/02 06:09:01.042 Market Info is OK!
[9612] 2020/03/02 06:09:01.121 Catalog info is OK!
[9612] 2020/03/02 06:09:19.179  SKQuoteLib_RequestTicks ( 0 , TX00 )
[9612] 2020/03/02 06:09:19.179 Return PageNo¡G 0 
[9612] 2020/03/02 06:09:19.334  SKQuoteLib_GetBest5 ( 2 , 0 )
[9612] 2020/03/02 06:16:50.978 SKQuoteLib_IsConnected()
