-----------------------------------------------------------------
[15072] 2020/02/28 22:44:04.367 Login ID: F125376798
[15072] 2020/02/28 22:44:04.367 Version¡G2.13.16
[15072] 2020/02/28 22:44:05.779 Login Code: 0
[15072] 2020/02/28 23:13:33.652 -----------------------------------------------------------------
[15072] 2020/02/28 23:28:04.668 Login ID: F125376798
[15072] 2020/02/28 23:28:04.668 Version¡G2.13.16
[15072] 2020/02/28 23:28:06.133 Login Code: 0
[16356] 2020/02/28 23:51:09.615 Login ID: F125376798
[16356] 2020/02/28 23:51:09.616 Version¡G2.13.16
[16356] 2020/02/28 23:51:11.075 Login Code: 0
[16356] 2020/02/28 23:52:54.545 -----------------------------------------------------------------
[16356] 2020/02/28 23:53:05.677 Login ID: F125376798
[16356] 2020/02/28 23:53:05.677 Version¡G2.13.16
[16356] 2020/02/28 23:53:07.089 Login Code: 0
[19468] 2020/03/01 02:20:59.153 Login ID: F125376798
[19468] 2020/03/01 02:20:59.153 Version¡G2.13.16
[19468] 2020/03/01 02:20:59.160 Login Code: 999
[19468] 2020/03/01 02:20:59.163 Login Code: 999
[8212] 2020/03/02 04:12:46.861 Login ID: F125376798
[8212] 2020/03/02 04:12:46.861 Version¡G2.13.20
[8212] 2020/03/02 04:12:48.331 Login Code: 0
[20772] 2020/03/02 06:01:58.112 Login ID: F125376798
[20772] 2020/03/02 06:01:58.112 Version¡G2.13.16
[20772] 2020/03/02 06:02:02.988 Login Code: 0
[9612] 2020/03/02 06:08:53.727 Login ID: F125376798
[9612] 2020/03/02 06:08:53.728 Version¡G2.13.16
[9612] 2020/03/02 06:08:55.137 Login Code: 0
